<?xml version="1.0" encoding="UTF-8"?>
<!-- Generated by org.testng.reporters.JUnitXMLReporter -->
<testsuite ignored="0" hostname="DESKTOP-37P2FQB" failures="1" tests="6" name="TestNGtcs" time="1.927" errors="0" timestamp="2022-08-17T19:58:26 IST">
  <testcase classname="week6.day2.ProjSpecifMethod" name="@BeforeMethod setUp" time="-1.660746506714E9">
    <failure type="org.testng.TestNGException" message="
Parameter &amp;apos;url&amp;apos; is required by BeforeMethod on method setUp but has not been marked @Optional or defined
in E:\TestLeaf\Selenium\testng1.xml">
      <![CDATA[org.testng.TestNGException: 
Parameter 'url' is required by BeforeMethod on method setUp but has not been marked @Optional or defined
in E:\TestLeaf\Selenium\testng1.xml
at org.testng.internal.Parameters.createParams(Parameters.java:270)
at org.testng.internal.Parameters.createParametersForMethod(Parameters.java:358)
at org.testng.internal.Parameters.createParameters(Parameters.java:700)
at org.testng.internal.Parameters.createConfigurationParameters(Parameters.java:168)
at org.testng.internal.ConfigInvoker.invokeConfigurations(ConfigInvoker.java:302)
at org.testng.internal.TestInvoker.runConfigMethods(TestInvoker.java:700)
at org.testng.internal.TestInvoker.invokeMethod(TestInvoker.java:527)
at org.testng.internal.TestInvoker.invokeTestMethod(TestInvoker.java:173)
at org.testng.internal.MethodRunner.runInSequence(MethodRunner.java:46)
at org.testng.internal.TestInvoker$MethodInvocationAgent.invoke(TestInvoker.java:824)
at org.testng.internal.TestInvoker.invokeTestMethods(TestInvoker.java:146)
at org.testng.internal.TestMethodWorker.invokeTestMethods(TestMethodWorker.java:146)
at org.testng.internal.TestMethodWorker.run(TestMethodWorker.java:128)
at java.base/java.util.concurrent.ThreadPoolExecutor.runWorker(ThreadPoolExecutor.java:1130)
at java.base/java.util.concurrent.ThreadPoolExecutor$Worker.run(ThreadPoolExecutor.java:630)
at java.base/java.lang.Thread.run(Thread.java:831)
]]>
    </failure>
  </testcase> <!-- @BeforeMethod setUp -->
  <testcase classname="week6.day2.ProjSpecifMethod" name="@AfterMethod tearOut" time="-1.66074650676E9">
    <skipped/>
  </testcase> <!-- @AfterMethod tearOut -->
  <testcase classname="week6.day2.ProjSpecifMethod" name="@BeforeMethod setUp" time="-1.660746506764E9">
    <skipped/>
  </testcase> <!-- @BeforeMethod setUp -->
  <testcase classname="week6.day2.ProjSpecifMethod" name="@AfterMethod tearOut" time="-1.660746506784E9">
    <skipped/>
  </testcase> <!-- @AfterMethod tearOut -->
  <testcase classname="week6.day2.ProjSpecifMethod" name="@BeforeMethod setUp" time="-1.660746506787E9">
    <skipped/>
  </testcase> <!-- @BeforeMethod setUp -->
  <testcase classname="week6.day2.ProjSpecifMethod" name="@AfterMethod tearOut" time="-1.660746506806E9">
    <skipped/>
  </testcase> <!-- @AfterMethod tearOut -->
  <testcase classname="week6.day2.ProjSpecifMethod" name="@BeforeMethod setUp" time="-1.660746506811E9">
    <skipped/>
  </testcase> <!-- @BeforeMethod setUp -->
  <testcase classname="week6.day2.ProjSpecifMethod" name="@AfterMethod tearOut" time="-1.660746506824E9">
    <skipped/>
  </testcase> <!-- @AfterMethod tearOut -->
  <testcase classname="week6.day2.ProjSpecifMethod" name="@BeforeMethod setUp" time="-1.66074650683E9">
    <skipped/>
  </testcase> <!-- @BeforeMethod setUp -->
  <testcase classname="week6.day2.ProjSpecifMethod" name="@AfterMethod tearOut" time="-1.66074650684E9">
    <skipped/>
  </testcase> <!-- @AfterMethod tearOut -->
  <testcase classname="week6.day2.SalesforceNew" name="Customer" time="1.742">
    <failure type="org.testng.internal.reflect.MethodMatcherException" message="
[public void week6.day2.SalesforceNew.Customer() throws java.lang.InterruptedException] has no parameters defined but was found to be using a data provider (either explicitly specified or inherited from class level annotation).
Data provider mismatch
Method: Customer([])
Arguments: [(java.lang.String) What is your org name?,(java.lang.String) My Org name is TestLeaf.]">
      <![CDATA[org.testng.internal.reflect.MethodMatcherException: 
[public void week6.day2.SalesforceNew.Customer() throws java.lang.InterruptedException] has no parameters defined but was found to be using a data provider (either explicitly specified or inherited from class level annotation).
Data provider mismatch
Method: Customer([])
Arguments: [(java.lang.String) What is your org name?,(java.lang.String) My Org name is TestLeaf.]
at org.testng.internal.reflect.DataProviderMethodMatcher.getConformingArguments(DataProviderMethodMatcher.java:43)
at org.testng.internal.Parameters.injectParameters(Parameters.java:914)
at org.testng.internal.MethodRunner.runInSequence(MethodRunner.java:34)
at org.testng.internal.TestInvoker$MethodInvocationAgent.invoke(TestInvoker.java:824)
at org.testng.internal.TestInvoker.invokeTestMethods(TestInvoker.java:146)
at org.testng.internal.TestMethodWorker.invokeTestMethods(TestMethodWorker.java:146)
at org.testng.internal.TestMethodWorker.run(TestMethodWorker.java:128)
at java.base/java.util.concurrent.ThreadPoolExecutor.runWorker(ThreadPoolExecutor.java:1130)
at java.base/java.util.concurrent.ThreadPoolExecutor$Worker.run(ThreadPoolExecutor.java:630)
at java.base/java.lang.Thread.run(Thread.java:831)
]]>
    </failure>
  </testcase> <!-- Customer -->
  <testcase classname="week6.day2.Saleforceinedge" name="Individuals" time="0.0">
    <skipped/>
  </testcase> <!-- Individuals -->
  <testcase classname="week6.day2.Saleforceinedge" name="Individuals" time="0.0">
    <skipped/>
  </testcase> <!-- Individuals -->
  <testcase classname="week6.day2.Saleforceinedge" name="Individuals" time="0.0">
    <skipped/>
  </testcase> <!-- Individuals -->
  <testcase classname="week6.day2.Saleforceinedge" name="Individuals" time="0.0">
    <skipped/>
  </testcase> <!-- Individuals -->
  <testcase classname="week6.day2.Saleforceinedge" name="Individuals" time="0.0">
    <skipped/>
  </testcase> <!-- Individuals -->
</testsuite> <!-- TestNGtcs -->
